Replace Part C122 Cap in C:\Users\sbhnm\Desktop\410Board\ExtBoard\PCB_Project\PWR_BUCK.SchDoc with Cap from Miscellaneous Devices.IntLib
Replace Part C123 Cap in C:\Users\sbhnm\Desktop\410Board\ExtBoard\PCB_Project\PWR_BUCK.SchDoc with Cap from Miscellaneous Devices.IntLib
Replace Part C135 Cap in C:\Users\sbhnm\Desktop\410Board\ExtBoard\PCB_Project\PWR_BUCK.SchDoc with Cap from Miscellaneous Devices.IntLib
Replace Part C136 Cap in C:\Users\sbhnm\Desktop\410Board\ExtBoard\PCB_Project\PWR_BUCK.SchDoc with Cap from Miscellaneous Devices.IntLib
Replace Part C137 Cap in C:\Users\sbhnm\Desktop\410Board\ExtBoard\PCB_Project\PWR_BUCK.SchDoc with Cap from Miscellaneous Devices.IntLib
Replace Part C142 Cap in C:\Users\sbhnm\Desktop\410Board\ExtBoard\PCB_Project\PWR_BUCK.SchDoc with Cap from Miscellaneous Devices.IntLib
Replace Part C143 Cap in C:\Users\sbhnm\Desktop\410Board\ExtBoard\PCB_Project\PWR_BUCK.SchDoc with Cap from Miscellaneous Devices.IntLib
Replace Part C160 Cap in C:\Users\sbhnm\Desktop\410Board\ExtBoard\PCB_Project\PWR_BUCK.SchDoc with Cap from Miscellaneous Devices.IntLib
Replace Part C167 Cap in C:\Users\sbhnm\Desktop\410Board\ExtBoard\PCB_Project\PWR_BUCK.SchDoc with Cap from Miscellaneous Devices.IntLib
Replace Part C168 Cap in C:\Users\sbhnm\Desktop\410Board\ExtBoard\PCB_Project\PWR_BUCK.SchDoc with Cap from Miscellaneous Devices.IntLib
Replace Part C196 Cap in C:\Users\sbhnm\Desktop\410Board\ExtBoard\PCB_Project\PWR_BUCK.SchDoc with Cap from Miscellaneous Devices.IntLib
Replace Part C198 Cap in C:\Users\sbhnm\Desktop\410Board\ExtBoard\PCB_Project\PWR_BUCK.SchDoc with Cap from Miscellaneous Devices.IntLib
Replace Part J1 Header 2 in C:\Users\sbhnm\Desktop\410Board\ExtBoard\PCB_Project\PWR_BUCK.SchDoc with Header 2 from Miscellaneous Connectors.IntLib
Replace Part L13 Inductor in C:\Users\sbhnm\Desktop\410Board\ExtBoard\PCB_Project\PWR_BUCK.SchDoc with Inductor from Miscellaneous Devices.IntLib
Replace Part L14 Inductor in C:\Users\sbhnm\Desktop\410Board\ExtBoard\PCB_Project\PWR_BUCK.SchDoc with Inductor from Miscellaneous Devices.IntLib
Replace Part R7 Res1 in C:\Users\sbhnm\Desktop\410Board\ExtBoard\PCB_Project\PWR_BUCK.SchDoc with Res1 from Miscellaneous Devices.IntLib
Replace Part R8 Res1 in C:\Users\sbhnm\Desktop\410Board\ExtBoard\PCB_Project\PWR_BUCK.SchDoc with Res1 from Miscellaneous Devices.IntLib
Replace Part R64 Res1 in C:\Users\sbhnm\Desktop\410Board\ExtBoard\PCB_Project\PWR_BUCK.SchDoc with Res1 from Miscellaneous Devices.IntLib
Replace Part R65 Res1 in C:\Users\sbhnm\Desktop\410Board\ExtBoard\PCB_Project\PWR_BUCK.SchDoc with Res1 from Miscellaneous Devices.IntLib
Replace Part R66 Res1 in C:\Users\sbhnm\Desktop\410Board\ExtBoard\PCB_Project\PWR_BUCK.SchDoc with Res1 from Miscellaneous Devices.IntLib
Replace Part R69 Res1 in C:\Users\sbhnm\Desktop\410Board\ExtBoard\PCB_Project\PWR_BUCK.SchDoc with Res1 from Miscellaneous Devices.IntLib
Replace Part R71 Res1 in C:\Users\sbhnm\Desktop\410Board\ExtBoard\PCB_Project\PWR_BUCK.SchDoc with Res1 from Miscellaneous Devices.IntLib
Replace Part R76 Res1 in C:\Users\sbhnm\Desktop\410Board\ExtBoard\PCB_Project\PWR_BUCK.SchDoc with Res1 from Miscellaneous Devices.IntLib
Replace Part R77 Res1 in C:\Users\sbhnm\Desktop\410Board\ExtBoard\PCB_Project\PWR_BUCK.SchDoc with Res1 from Miscellaneous Devices.IntLib
Replace Part R108 Res1 in C:\Users\sbhnm\Desktop\410Board\ExtBoard\PCB_Project\PWR_BUCK.SchDoc with Res1 from Miscellaneous Devices.IntLib
Replace Part U12 SY8104ADC in C:\Users\sbhnm\Desktop\410Board\ExtBoard\PCB_Project\PWR_BUCK.SchDoc with SY8104ADC from MSM8916_DRAM_PMIC_REF_Library.SchLib
Replace Part U13 SY8104ADC in C:\Users\sbhnm\Desktop\410Board\ExtBoard\PCB_Project\PWR_BUCK.SchDoc with SY8104ADC from MSM8916_DRAM_PMIC_REF_Library.SchLib
