Replace Part *? USB2513BI-AEZG in C:\Users\sbhnm\Desktop\410Board\ExtBoard\PCB_Project\USB_HUB.SchDoc with USB2513BI-AEZG from MSM8916_DRAM_PMIC_REF_Library.SchLib
Replace Part C101 Cap in C:\Users\sbhnm\Desktop\410Board\ExtBoard\PCB_Project\USB_HUB.SchDoc with Cap from Miscellaneous Devices.IntLib
Replace Part C164 Cap in C:\Users\sbhnm\Desktop\410Board\ExtBoard\PCB_Project\USB_HUB.SchDoc with Cap from Miscellaneous Devices.IntLib
Replace Part C176 Cap in C:\Users\sbhnm\Desktop\410Board\ExtBoard\PCB_Project\USB_HUB.SchDoc with Cap from Miscellaneous Devices.IntLib
Replace Part C199 Cap in C:\Users\sbhnm\Desktop\410Board\ExtBoard\PCB_Project\USB_HUB.SchDoc with Cap from Miscellaneous Devices.IntLib
Replace Part C200 Cap in C:\Users\sbhnm\Desktop\410Board\ExtBoard\PCB_Project\USB_HUB.SchDoc with Cap from Miscellaneous Devices.IntLib
Replace Part C201 Cap in C:\Users\sbhnm\Desktop\410Board\ExtBoard\PCB_Project\USB_HUB.SchDoc with Cap from Miscellaneous Devices.IntLib
Replace Part C202 Cap in C:\Users\sbhnm\Desktop\410Board\ExtBoard\PCB_Project\USB_HUB.SchDoc with Cap from Miscellaneous Devices.IntLib
Replace Part C203 Cap in C:\Users\sbhnm\Desktop\410Board\ExtBoard\PCB_Project\USB_HUB.SchDoc with Cap from Miscellaneous Devices.IntLib
Replace Part C207 Cap in C:\Users\sbhnm\Desktop\410Board\ExtBoard\PCB_Project\USB_HUB.SchDoc with Cap from Miscellaneous Devices.IntLib
Replace Part C219 Cap in C:\Users\sbhnm\Desktop\410Board\ExtBoard\PCB_Project\USB_HUB.SchDoc with Cap from Miscellaneous Devices.IntLib
Replace Part C220 Cap in C:\Users\sbhnm\Desktop\410Board\ExtBoard\PCB_Project\USB_HUB.SchDoc with Cap from Miscellaneous Devices.IntLib
Replace Part C223 Cap in C:\Users\sbhnm\Desktop\410Board\ExtBoard\PCB_Project\USB_HUB.SchDoc with Cap from Miscellaneous Devices.IntLib
Replace Part C224 Cap in C:\Users\sbhnm\Desktop\410Board\ExtBoard\PCB_Project\USB_HUB.SchDoc with Cap from Miscellaneous Devices.IntLib
Replace Part C225 Cap in C:\Users\sbhnm\Desktop\410Board\ExtBoard\PCB_Project\USB_HUB.SchDoc with Cap from Miscellaneous Devices.IntLib
Replace Part C226 Cap in C:\Users\sbhnm\Desktop\410Board\ExtBoard\PCB_Project\USB_HUB.SchDoc with Cap from Miscellaneous Devices.IntLib
Replace Part C227 Cap in C:\Users\sbhnm\Desktop\410Board\ExtBoard\PCB_Project\USB_HUB.SchDoc with Cap from Miscellaneous Devices.IntLib
Replace Part C? Cap in C:\Users\sbhnm\Desktop\410Board\ExtBoard\PCB_Project\USB_HUB.SchDoc with Cap from Miscellaneous Devices.IntLib
Replace Part C? Cap in C:\Users\sbhnm\Desktop\410Board\ExtBoard\PCB_Project\USB_HUB.SchDoc with Cap from Miscellaneous Devices.IntLib
Replace Part P? MHDR1X11 in C:\Users\sbhnm\Desktop\410Board\ExtBoard\PCB_Project\USB_HUB.SchDoc with MHDR1X11 from Miscellaneous Connectors.IntLib
Replace Part Q? NFET_ZENER_BIDIR in C:\Users\sbhnm\Desktop\410Board\ExtBoard\PCB_Project\USB_HUB.SchDoc with NFET_ZENER_BIDIR from MSM8916_DRAM_PMIC_REF_Library.SchLib
Replace Part R1 Res1 in C:\Users\sbhnm\Desktop\410Board\ExtBoard\PCB_Project\USB_HUB.SchDoc with Res1 from Miscellaneous Devices.IntLib
Replace Part R23 Res1 in C:\Users\sbhnm\Desktop\410Board\ExtBoard\PCB_Project\USB_HUB.SchDoc with Res1 from Miscellaneous Devices.IntLib
Replace Part R24 Res1 in C:\Users\sbhnm\Desktop\410Board\ExtBoard\PCB_Project\USB_HUB.SchDoc with Res1 from Miscellaneous Devices.IntLib
Replace Part R26 Res1 in C:\Users\sbhnm\Desktop\410Board\ExtBoard\PCB_Project\USB_HUB.SchDoc with Res1 from Miscellaneous Devices.IntLib
Replace Part R103 Res1 in C:\Users\sbhnm\Desktop\410Board\ExtBoard\PCB_Project\USB_HUB.SchDoc with Res1 from Miscellaneous Devices.IntLib
Replace Part R109 Res1 in C:\Users\sbhnm\Desktop\410Board\ExtBoard\PCB_Project\USB_HUB.SchDoc with Res1 from Miscellaneous Devices.IntLib
Replace Part R111 Res1 in C:\Users\sbhnm\Desktop\410Board\ExtBoard\PCB_Project\USB_HUB.SchDoc with Res1 from Miscellaneous Devices.IntLib
Replace Part R112 Res1 in C:\Users\sbhnm\Desktop\410Board\ExtBoard\PCB_Project\USB_HUB.SchDoc with Res1 from Miscellaneous Devices.IntLib
Replace Part R145 Res1 in C:\Users\sbhnm\Desktop\410Board\ExtBoard\PCB_Project\USB_HUB.SchDoc with Res1 from Miscellaneous Devices.IntLib
Replace Part R148 Res1 in C:\Users\sbhnm\Desktop\410Board\ExtBoard\PCB_Project\USB_HUB.SchDoc with Res1 from Miscellaneous Devices.IntLib
Replace Part R151 Res1 in C:\Users\sbhnm\Desktop\410Board\ExtBoard\PCB_Project\USB_HUB.SchDoc with Res1 from Miscellaneous Devices.IntLib
Replace Part R152 Res1 in C:\Users\sbhnm\Desktop\410Board\ExtBoard\PCB_Project\USB_HUB.SchDoc with Res1 from Miscellaneous Devices.IntLib
Replace Part R179 Res1 in C:\Users\sbhnm\Desktop\410Board\ExtBoard\PCB_Project\USB_HUB.SchDoc with Res1 from Miscellaneous Devices.IntLib
Replace Part R? Res1 in C:\Users\sbhnm\Desktop\410Board\ExtBoard\PCB_Project\USB_HUB.SchDoc with Res1 from Miscellaneous Devices.IntLib
Replace Part R? Res1 in C:\Users\sbhnm\Desktop\410Board\ExtBoard\PCB_Project\USB_HUB.SchDoc with Res1 from Miscellaneous Devices.IntLib
Replace Part R? Res1 in C:\Users\sbhnm\Desktop\410Board\ExtBoard\PCB_Project\USB_HUB.SchDoc with Res1 from Miscellaneous Devices.IntLib
Replace Part R? Res1 in C:\Users\sbhnm\Desktop\410Board\ExtBoard\PCB_Project\USB_HUB.SchDoc with Res1 from Miscellaneous Devices.IntLib
Replace Part R? Res1 in C:\Users\sbhnm\Desktop\410Board\ExtBoard\PCB_Project\USB_HUB.SchDoc with Res1 from Miscellaneous Devices.IntLib
Replace Part R? Res1 in C:\Users\sbhnm\Desktop\410Board\ExtBoard\PCB_Project\USB_HUB.SchDoc with Res1 from Miscellaneous Devices.IntLib
Replace Part R? Res1 in C:\Users\sbhnm\Desktop\410Board\ExtBoard\PCB_Project\USB_HUB.SchDoc with Res1 from Miscellaneous Devices.IntLib
Replace Part S1 TC7USB40MU in C:\Users\sbhnm\Desktop\410Board\ExtBoard\PCB_Project\USB_HUB.SchDoc with TC7USB40MU from MSM8916_DRAM_PMIC_REF_Library.SchLib
Replace Part S6 SW-SPST in C:\Users\sbhnm\Desktop\410Board\ExtBoard\PCB_Project\USB_HUB.SchDoc with SW-SPST from Miscellaneous Devices.IntLib
Replace Part TP18 TP_Dup1 in C:\Users\sbhnm\Desktop\410Board\ExtBoard\PCB_Project\USB_HUB.SchDoc with TP_Dup1 from MSM8916_DRAM_PMIC_REF_Library.SchLib
Replace Part U1 TPD4S012 in C:\Users\sbhnm\Desktop\410Board\ExtBoard\PCB_Project\USB_HUB.SchDoc with TPD4S012 from MSM8916_DRAM_PMIC_REF_Library.SchLib
Replace Part U16 TPS79333DBVR in C:\Users\sbhnm\Desktop\410Board\ExtBoard\PCB_Project\USB_HUB.SchDoc with TPS79333DBVR from MSM8916_DRAM_PMIC_REF_Library.SchLib
Replace Part U17 FPF1203LUCX in C:\Users\sbhnm\Desktop\410Board\ExtBoard\PCB_Project\USB_HUB.SchDoc with FPF1203LUCX from MSM8916_DRAM_PMIC_REF_Library.SchLib
Replace Part Y2 XTAL in C:\Users\sbhnm\Desktop\410Board\ExtBoard\PCB_Project\USB_HUB.SchDoc with XTAL from Miscellaneous Devices.IntLib
