Replace Part C89 CAP in C:\Users\sbhnm\Documents\Tencent Files\948516010\FileRecv\MobileFile\MSM8916_DRAM_PMIC_REF\Imported MSM8916_DRAM_PMIC_REF.PrjPcb\14 PM8916_CONTROL CLOCK.SchDoc with CAP from MSM8916_DRAM_PMIC_REF_Library.SchLib
Replace Part C90 CAP in C:\Users\sbhnm\Documents\Tencent Files\948516010\FileRecv\MobileFile\MSM8916_DRAM_PMIC_REF\Imported MSM8916_DRAM_PMIC_REF.PrjPcb\14 PM8916_CONTROL CLOCK.SchDoc with CAP from MSM8916_DRAM_PMIC_REF_Library.SchLib
Replace Part C91 CAP in C:\Users\sbhnm\Documents\Tencent Files\948516010\FileRecv\MobileFile\MSM8916_DRAM_PMIC_REF\Imported MSM8916_DRAM_PMIC_REF.PrjPcb\14 PM8916_CONTROL CLOCK.SchDoc with CAP from MSM8916_DRAM_PMIC_REF_Library.SchLib
Replace Part C92 CAP#1 in C:\Users\sbhnm\Documents\Tencent Files\948516010\FileRecv\MobileFile\MSM8916_DRAM_PMIC_REF\Imported MSM8916_DRAM_PMIC_REF.PrjPcb\14 PM8916_CONTROL CLOCK.SchDoc with CAP#1 from MSM8916_DRAM_PMIC_REF_Library.SchLib
Replace Part C93 CAP in C:\Users\sbhnm\Documents\Tencent Files\948516010\FileRecv\MobileFile\MSM8916_DRAM_PMIC_REF\Imported MSM8916_DRAM_PMIC_REF.PrjPcb\14 PM8916_CONTROL CLOCK.SchDoc with CAP from MSM8916_DRAM_PMIC_REF_Library.SchLib
Replace Part C94 CAP in C:\Users\sbhnm\Documents\Tencent Files\948516010\FileRecv\MobileFile\MSM8916_DRAM_PMIC_REF\Imported MSM8916_DRAM_PMIC_REF.PrjPcb\14 PM8916_CONTROL CLOCK.SchDoc with CAP from MSM8916_DRAM_PMIC_REF_Library.SchLib
Replace Part C95 CAP in C:\Users\sbhnm\Documents\Tencent Files\948516010\FileRecv\MobileFile\MSM8916_DRAM_PMIC_REF\Imported MSM8916_DRAM_PMIC_REF.PrjPcb\14 PM8916_CONTROL CLOCK.SchDoc with CAP from MSM8916_DRAM_PMIC_REF_Library.SchLib
Replace Part C6397 CAP#1 in C:\Users\sbhnm\Documents\Tencent Files\948516010\FileRecv\MobileFile\MSM8916_DRAM_PMIC_REF\Imported MSM8916_DRAM_PMIC_REF.PrjPcb\14 PM8916_CONTROL CLOCK.SchDoc with CAP#1 from MSM8916_DRAM_PMIC_REF_Library.SchLib
Replace Part R40 RESISTOR_Dup3 in C:\Users\sbhnm\Documents\Tencent Files\948516010\FileRecv\MobileFile\MSM8916_DRAM_PMIC_REF\Imported MSM8916_DRAM_PMIC_REF.PrjPcb\14 PM8916_CONTROL CLOCK.SchDoc with RESISTOR_Dup3 from MSM8916_DRAM_PMIC_REF_Library.SchLib
Replace Part R41 RESISTOR#1 in C:\Users\sbhnm\Documents\Tencent Files\948516010\FileRecv\MobileFile\MSM8916_DRAM_PMIC_REF\Imported MSM8916_DRAM_PMIC_REF.PrjPcb\14 PM8916_CONTROL CLOCK.SchDoc with RESISTOR#1 from MSM8916_DRAM_PMIC_REF_Library.SchLib
Replace Part R5131 RESISTOR_Dup3 in C:\Users\sbhnm\Documents\Tencent Files\948516010\FileRecv\MobileFile\MSM8916_DRAM_PMIC_REF\Imported MSM8916_DRAM_PMIC_REF.PrjPcb\14 PM8916_CONTROL CLOCK.SchDoc with RESISTOR_Dup3 from MSM8916_DRAM_PMIC_REF_Library.SchLib
Replace Part R6374 RESISTOR_Dup3 in C:\Users\sbhnm\Documents\Tencent Files\948516010\FileRecv\MobileFile\MSM8916_DRAM_PMIC_REF\Imported MSM8916_DRAM_PMIC_REF.PrjPcb\14 PM8916_CONTROL CLOCK.SchDoc with RESISTOR_Dup3 from MSM8916_DRAM_PMIC_REF_Library.SchLib
Replace Part R6375 RESISTOR_Dup3 in C:\Users\sbhnm\Documents\Tencent Files\948516010\FileRecv\MobileFile\MSM8916_DRAM_PMIC_REF\Imported MSM8916_DRAM_PMIC_REF.PrjPcb\14 PM8916_CONTROL CLOCK.SchDoc with RESISTOR_Dup3 from MSM8916_DRAM_PMIC_REF_Library.SchLib
Replace Part R6376 RESISTOR_Dup3 in C:\Users\sbhnm\Documents\Tencent Files\948516010\FileRecv\MobileFile\MSM8916_DRAM_PMIC_REF\Imported MSM8916_DRAM_PMIC_REF.PrjPcb\14 PM8916_CONTROL CLOCK.SchDoc with RESISTOR_Dup3 from MSM8916_DRAM_PMIC_REF_Library.SchLib
Replace Part R6379 RESISTOR_Dup3 in C:\Users\sbhnm\Documents\Tencent Files\948516010\FileRecv\MobileFile\MSM8916_DRAM_PMIC_REF\Imported MSM8916_DRAM_PMIC_REF.PrjPcb\14 PM8916_CONTROL CLOCK.SchDoc with RESISTOR_Dup3 from MSM8916_DRAM_PMIC_REF_Library.SchLib
Replace Part R6380 RESISTOR_Dup3 in C:\Users\sbhnm\Documents\Tencent Files\948516010\FileRecv\MobileFile\MSM8916_DRAM_PMIC_REF\Imported MSM8916_DRAM_PMIC_REF.PrjPcb\14 PM8916_CONTROL CLOCK.SchDoc with RESISTOR_Dup3 from MSM8916_DRAM_PMIC_REF_Library.SchLib
Replace Part R6381 RESISTOR_Dup3 in C:\Users\sbhnm\Documents\Tencent Files\948516010\FileRecv\MobileFile\MSM8916_DRAM_PMIC_REF\Imported MSM8916_DRAM_PMIC_REF.PrjPcb\14 PM8916_CONTROL CLOCK.SchDoc with RESISTOR_Dup3 from MSM8916_DRAM_PMIC_REF_Library.SchLib
Replace Part R6382 RESISTOR_Dup3 in C:\Users\sbhnm\Documents\Tencent Files\948516010\FileRecv\MobileFile\MSM8916_DRAM_PMIC_REF\Imported MSM8916_DRAM_PMIC_REF.PrjPcb\14 PM8916_CONTROL CLOCK.SchDoc with RESISTOR_Dup3 from MSM8916_DRAM_PMIC_REF_Library.SchLib
Replace Part R6383 RESISTOR_Dup3 in C:\Users\sbhnm\Documents\Tencent Files\948516010\FileRecv\MobileFile\MSM8916_DRAM_PMIC_REF\Imported MSM8916_DRAM_PMIC_REF.PrjPcb\14 PM8916_CONTROL CLOCK.SchDoc with RESISTOR_Dup3 from MSM8916_DRAM_PMIC_REF_Library.SchLib
Replace Part U3 ASIC_PM8916 in C:\Users\sbhnm\Documents\Tencent Files\948516010\FileRecv\MobileFile\MSM8916_DRAM_PMIC_REF\Imported MSM8916_DRAM_PMIC_REF.PrjPcb\14 PM8916_CONTROL CLOCK.SchDoc with ASIC_PM8916 from MSM8916_DRAM_PMIC_REF_Library.SchLib
Replace Part Y1 CRYSTAL_4PIN_THERMISTOR_GND in C:\Users\sbhnm\Documents\Tencent Files\948516010\FileRecv\MobileFile\MSM8916_DRAM_PMIC_REF\Imported MSM8916_DRAM_PMIC_REF.PrjPcb\14 PM8916_CONTROL CLOCK.SchDoc with CRYSTAL_4PIN_THERMISTOR_GND from MSM8916_DRAM_PMIC_REF_Library.SchLib
