Replace Part C99 CAP#1 in C:\Users\sbhnm\Documents\Tencent Files\948516010\FileRecv\MobileFile\MSM8916_DRAM_PMIC_REF\Imported MSM8916_DRAM_PMIC_REF.PrjPcb\16 PM8916_SMPS.SchDoc with CAP#1 from MSM8916_DRAM_PMIC_REF_Library.SchLib
Replace Part C100 CAP#1 in C:\Users\sbhnm\Documents\Tencent Files\948516010\FileRecv\MobileFile\MSM8916_DRAM_PMIC_REF\Imported MSM8916_DRAM_PMIC_REF.PrjPcb\16 PM8916_SMPS.SchDoc with CAP#1 from MSM8916_DRAM_PMIC_REF_Library.SchLib
Replace Part C101 CAP#1 in C:\Users\sbhnm\Documents\Tencent Files\948516010\FileRecv\MobileFile\MSM8916_DRAM_PMIC_REF\Imported MSM8916_DRAM_PMIC_REF.PrjPcb\16 PM8916_SMPS.SchDoc with CAP#1 from MSM8916_DRAM_PMIC_REF_Library.SchLib
Replace Part C102 CAP#1 in C:\Users\sbhnm\Documents\Tencent Files\948516010\FileRecv\MobileFile\MSM8916_DRAM_PMIC_REF\Imported MSM8916_DRAM_PMIC_REF.PrjPcb\16 PM8916_SMPS.SchDoc with CAP#1 from MSM8916_DRAM_PMIC_REF_Library.SchLib
Replace Part C103 CAP#1 in C:\Users\sbhnm\Documents\Tencent Files\948516010\FileRecv\MobileFile\MSM8916_DRAM_PMIC_REF\Imported MSM8916_DRAM_PMIC_REF.PrjPcb\16 PM8916_SMPS.SchDoc with CAP#1 from MSM8916_DRAM_PMIC_REF_Library.SchLib
Replace Part C104 CAP#1 in C:\Users\sbhnm\Documents\Tencent Files\948516010\FileRecv\MobileFile\MSM8916_DRAM_PMIC_REF\Imported MSM8916_DRAM_PMIC_REF.PrjPcb\16 PM8916_SMPS.SchDoc with CAP#1 from MSM8916_DRAM_PMIC_REF_Library.SchLib
Replace Part C105 CAP#1 in C:\Users\sbhnm\Documents\Tencent Files\948516010\FileRecv\MobileFile\MSM8916_DRAM_PMIC_REF\Imported MSM8916_DRAM_PMIC_REF.PrjPcb\16 PM8916_SMPS.SchDoc with CAP#1 from MSM8916_DRAM_PMIC_REF_Library.SchLib
Replace Part C106 CAP#1 in C:\Users\sbhnm\Documents\Tencent Files\948516010\FileRecv\MobileFile\MSM8916_DRAM_PMIC_REF\Imported MSM8916_DRAM_PMIC_REF.PrjPcb\16 PM8916_SMPS.SchDoc with CAP#1 from MSM8916_DRAM_PMIC_REF_Library.SchLib
Replace Part C107 CAP#1 in C:\Users\sbhnm\Documents\Tencent Files\948516010\FileRecv\MobileFile\MSM8916_DRAM_PMIC_REF\Imported MSM8916_DRAM_PMIC_REF.PrjPcb\16 PM8916_SMPS.SchDoc with CAP#1 from MSM8916_DRAM_PMIC_REF_Library.SchLib
Replace Part C108 CAP#1 in C:\Users\sbhnm\Documents\Tencent Files\948516010\FileRecv\MobileFile\MSM8916_DRAM_PMIC_REF\Imported MSM8916_DRAM_PMIC_REF.PrjPcb\16 PM8916_SMPS.SchDoc with CAP#1 from MSM8916_DRAM_PMIC_REF_Library.SchLib
Replace Part C109 CAP#1 in C:\Users\sbhnm\Documents\Tencent Files\948516010\FileRecv\MobileFile\MSM8916_DRAM_PMIC_REF\Imported MSM8916_DRAM_PMIC_REF.PrjPcb\16 PM8916_SMPS.SchDoc with CAP#1 from MSM8916_DRAM_PMIC_REF_Library.SchLib
Replace Part C110 CAP#1 in C:\Users\sbhnm\Documents\Tencent Files\948516010\FileRecv\MobileFile\MSM8916_DRAM_PMIC_REF\Imported MSM8916_DRAM_PMIC_REF.PrjPcb\16 PM8916_SMPS.SchDoc with CAP#1 from MSM8916_DRAM_PMIC_REF_Library.SchLib
Replace Part C111 CAP#1 in C:\Users\sbhnm\Documents\Tencent Files\948516010\FileRecv\MobileFile\MSM8916_DRAM_PMIC_REF\Imported MSM8916_DRAM_PMIC_REF.PrjPcb\16 PM8916_SMPS.SchDoc with CAP#1 from MSM8916_DRAM_PMIC_REF_Library.SchLib
Replace Part C112 CAP#1 in C:\Users\sbhnm\Documents\Tencent Files\948516010\FileRecv\MobileFile\MSM8916_DRAM_PMIC_REF\Imported MSM8916_DRAM_PMIC_REF.PrjPcb\16 PM8916_SMPS.SchDoc with CAP#1 from MSM8916_DRAM_PMIC_REF_Library.SchLib
Replace Part C113 CAP#1 in C:\Users\sbhnm\Documents\Tencent Files\948516010\FileRecv\MobileFile\MSM8916_DRAM_PMIC_REF\Imported MSM8916_DRAM_PMIC_REF.PrjPcb\16 PM8916_SMPS.SchDoc with CAP#1 from MSM8916_DRAM_PMIC_REF_Library.SchLib
Replace Part C114 CAP#1 in C:\Users\sbhnm\Documents\Tencent Files\948516010\FileRecv\MobileFile\MSM8916_DRAM_PMIC_REF\Imported MSM8916_DRAM_PMIC_REF.PrjPcb\16 PM8916_SMPS.SchDoc with CAP#1 from MSM8916_DRAM_PMIC_REF_Library.SchLib
Replace Part C115 CAP#1 in C:\Users\sbhnm\Documents\Tencent Files\948516010\FileRecv\MobileFile\MSM8916_DRAM_PMIC_REF\Imported MSM8916_DRAM_PMIC_REF.PrjPcb\16 PM8916_SMPS.SchDoc with CAP#1 from MSM8916_DRAM_PMIC_REF_Library.SchLib
Replace Part C116 CAP#1 in C:\Users\sbhnm\Documents\Tencent Files\948516010\FileRecv\MobileFile\MSM8916_DRAM_PMIC_REF\Imported MSM8916_DRAM_PMIC_REF.PrjPcb\16 PM8916_SMPS.SchDoc with CAP#1 from MSM8916_DRAM_PMIC_REF_Library.SchLib
Replace Part C117 CAP#1 in C:\Users\sbhnm\Documents\Tencent Files\948516010\FileRecv\MobileFile\MSM8916_DRAM_PMIC_REF\Imported MSM8916_DRAM_PMIC_REF.PrjPcb\16 PM8916_SMPS.SchDoc with CAP#1 from MSM8916_DRAM_PMIC_REF_Library.SchLib
Replace Part C118 CAP#1 in C:\Users\sbhnm\Documents\Tencent Files\948516010\FileRecv\MobileFile\MSM8916_DRAM_PMIC_REF\Imported MSM8916_DRAM_PMIC_REF.PrjPcb\16 PM8916_SMPS.SchDoc with CAP#1 from MSM8916_DRAM_PMIC_REF_Library.SchLib
Replace Part C119 CAP#1 in C:\Users\sbhnm\Documents\Tencent Files\948516010\FileRecv\MobileFile\MSM8916_DRAM_PMIC_REF\Imported MSM8916_DRAM_PMIC_REF.PrjPcb\16 PM8916_SMPS.SchDoc with CAP#1 from MSM8916_DRAM_PMIC_REF_Library.SchLib
Replace Part C120 CAP#1 in C:\Users\sbhnm\Documents\Tencent Files\948516010\FileRecv\MobileFile\MSM8916_DRAM_PMIC_REF\Imported MSM8916_DRAM_PMIC_REF.PrjPcb\16 PM8916_SMPS.SchDoc with CAP#1 from MSM8916_DRAM_PMIC_REF_Library.SchLib
Replace Part C527 CAP#1 in C:\Users\sbhnm\Documents\Tencent Files\948516010\FileRecv\MobileFile\MSM8916_DRAM_PMIC_REF\Imported MSM8916_DRAM_PMIC_REF.PrjPcb\16 PM8916_SMPS.SchDoc with CAP#1 from MSM8916_DRAM_PMIC_REF_Library.SchLib
Replace Part L1 INDUCTOR_0 in C:\Users\sbhnm\Documents\Tencent Files\948516010\FileRecv\MobileFile\MSM8916_DRAM_PMIC_REF\Imported MSM8916_DRAM_PMIC_REF.PrjPcb\16 PM8916_SMPS.SchDoc with INDUCTOR_0 from MSM8916_DRAM_PMIC_REF_Library.SchLib
Replace Part L2 INDUCTOR_0 in C:\Users\sbhnm\Documents\Tencent Files\948516010\FileRecv\MobileFile\MSM8916_DRAM_PMIC_REF\Imported MSM8916_DRAM_PMIC_REF.PrjPcb\16 PM8916_SMPS.SchDoc with INDUCTOR_0 from MSM8916_DRAM_PMIC_REF_Library.SchLib
Replace Part L3 IND_MAG in C:\Users\sbhnm\Documents\Tencent Files\948516010\FileRecv\MobileFile\MSM8916_DRAM_PMIC_REF\Imported MSM8916_DRAM_PMIC_REF.PrjPcb\16 PM8916_SMPS.SchDoc with IND_MAG from MSM8916_DRAM_PMIC_REF_Library.SchLib
Replace Part L4 IND_MAG in C:\Users\sbhnm\Documents\Tencent Files\948516010\FileRecv\MobileFile\MSM8916_DRAM_PMIC_REF\Imported MSM8916_DRAM_PMIC_REF.PrjPcb\16 PM8916_SMPS.SchDoc with IND_MAG from MSM8916_DRAM_PMIC_REF_Library.SchLib
Replace Part R47 RESISTOR_Dup3 in C:\Users\sbhnm\Documents\Tencent Files\948516010\FileRecv\MobileFile\MSM8916_DRAM_PMIC_REF\Imported MSM8916_DRAM_PMIC_REF.PrjPcb\16 PM8916_SMPS.SchDoc with RESISTOR_Dup3 from MSM8916_DRAM_PMIC_REF_Library.SchLib
Replace Part R48 RESISTOR_Dup3 in C:\Users\sbhnm\Documents\Tencent Files\948516010\FileRecv\MobileFile\MSM8916_DRAM_PMIC_REF\Imported MSM8916_DRAM_PMIC_REF.PrjPcb\16 PM8916_SMPS.SchDoc with RESISTOR_Dup3 from MSM8916_DRAM_PMIC_REF_Library.SchLib
Replace Part U3 ASIC_PM8916 in C:\Users\sbhnm\Documents\Tencent Files\948516010\FileRecv\MobileFile\MSM8916_DRAM_PMIC_REF\Imported MSM8916_DRAM_PMIC_REF.PrjPcb\16 PM8916_SMPS.SchDoc with ASIC_PM8916 from MSM8916_DRAM_PMIC_REF_Library.SchLib
