Replace Part C133 CAP in C:\Users\sbhnm\Documents\Tencent Files\948516010\FileRecv\MobileFile\MSM8916_DRAM_PMIC_REF\Imported MSM8916_DRAM_PMIC_REF.PrjPcb\19 SMB1358.SchDoc with CAP from MSM8916_DRAM_PMIC_REF_Library.SchLib
Replace Part C134 CAP in C:\Users\sbhnm\Documents\Tencent Files\948516010\FileRecv\MobileFile\MSM8916_DRAM_PMIC_REF\Imported MSM8916_DRAM_PMIC_REF.PrjPcb\19 SMB1358.SchDoc with CAP from MSM8916_DRAM_PMIC_REF_Library.SchLib
Replace Part C155 CAP#1 in C:\Users\sbhnm\Documents\Tencent Files\948516010\FileRecv\MobileFile\MSM8916_DRAM_PMIC_REF\Imported MSM8916_DRAM_PMIC_REF.PrjPcb\19 SMB1358.SchDoc with CAP#1 from MSM8916_DRAM_PMIC_REF_Library.SchLib
Replace Part C156 CAP in C:\Users\sbhnm\Documents\Tencent Files\948516010\FileRecv\MobileFile\MSM8916_DRAM_PMIC_REF\Imported MSM8916_DRAM_PMIC_REF.PrjPcb\19 SMB1358.SchDoc with CAP from MSM8916_DRAM_PMIC_REF_Library.SchLib
Replace Part C157 CAP in C:\Users\sbhnm\Documents\Tencent Files\948516010\FileRecv\MobileFile\MSM8916_DRAM_PMIC_REF\Imported MSM8916_DRAM_PMIC_REF.PrjPcb\19 SMB1358.SchDoc with CAP from MSM8916_DRAM_PMIC_REF_Library.SchLib
Replace Part C161 CAP in C:\Users\sbhnm\Documents\Tencent Files\948516010\FileRecv\MobileFile\MSM8916_DRAM_PMIC_REF\Imported MSM8916_DRAM_PMIC_REF.PrjPcb\19 SMB1358.SchDoc with CAP from MSM8916_DRAM_PMIC_REF_Library.SchLib
Replace Part C162 CAP in C:\Users\sbhnm\Documents\Tencent Files\948516010\FileRecv\MobileFile\MSM8916_DRAM_PMIC_REF\Imported MSM8916_DRAM_PMIC_REF.PrjPcb\19 SMB1358.SchDoc with CAP from MSM8916_DRAM_PMIC_REF_Library.SchLib
Replace Part C168 CAP in C:\Users\sbhnm\Documents\Tencent Files\948516010\FileRecv\MobileFile\MSM8916_DRAM_PMIC_REF\Imported MSM8916_DRAM_PMIC_REF.PrjPcb\19 SMB1358.SchDoc with CAP from MSM8916_DRAM_PMIC_REF_Library.SchLib
Replace Part C6435 CAP in C:\Users\sbhnm\Documents\Tencent Files\948516010\FileRecv\MobileFile\MSM8916_DRAM_PMIC_REF\Imported MSM8916_DRAM_PMIC_REF.PrjPcb\19 SMB1358.SchDoc with CAP from MSM8916_DRAM_PMIC_REF_Library.SchLib
Replace Part D21 DIODE_0 in C:\Users\sbhnm\Documents\Tencent Files\948516010\FileRecv\MobileFile\MSM8916_DRAM_PMIC_REF\Imported MSM8916_DRAM_PMIC_REF.PrjPcb\19 SMB1358.SchDoc with DIODE_0 from MSM8916_DRAM_PMIC_REF_Library.SchLib
Replace Part L6 INDUCTOR_0 in C:\Users\sbhnm\Documents\Tencent Files\948516010\FileRecv\MobileFile\MSM8916_DRAM_PMIC_REF\Imported MSM8916_DRAM_PMIC_REF.PrjPcb\19 SMB1358.SchDoc with INDUCTOR_0 from MSM8916_DRAM_PMIC_REF_Library.SchLib
Replace Part Q5 NFET_ZENER_BIDIR in C:\Users\sbhnm\Documents\Tencent Files\948516010\FileRecv\MobileFile\MSM8916_DRAM_PMIC_REF\Imported MSM8916_DRAM_PMIC_REF.PrjPcb\19 SMB1358.SchDoc with NFET_ZENER_BIDIR from MSM8916_DRAM_PMIC_REF_Library.SchLib
Replace Part R56 RESISTOR_Dup3 in C:\Users\sbhnm\Documents\Tencent Files\948516010\FileRecv\MobileFile\MSM8916_DRAM_PMIC_REF\Imported MSM8916_DRAM_PMIC_REF.PrjPcb\19 SMB1358.SchDoc with RESISTOR_Dup3 from MSM8916_DRAM_PMIC_REF_Library.SchLib
Replace Part R57 RESISTOR_Dup3 in C:\Users\sbhnm\Documents\Tencent Files\948516010\FileRecv\MobileFile\MSM8916_DRAM_PMIC_REF\Imported MSM8916_DRAM_PMIC_REF.PrjPcb\19 SMB1358.SchDoc with RESISTOR_Dup3 from MSM8916_DRAM_PMIC_REF_Library.SchLib
Replace Part R58 RESISTOR_Dup3 in C:\Users\sbhnm\Documents\Tencent Files\948516010\FileRecv\MobileFile\MSM8916_DRAM_PMIC_REF\Imported MSM8916_DRAM_PMIC_REF.PrjPcb\19 SMB1358.SchDoc with RESISTOR_Dup3 from MSM8916_DRAM_PMIC_REF_Library.SchLib
Replace Part R59 RESISTOR_Dup3 in C:\Users\sbhnm\Documents\Tencent Files\948516010\FileRecv\MobileFile\MSM8916_DRAM_PMIC_REF\Imported MSM8916_DRAM_PMIC_REF.PrjPcb\19 SMB1358.SchDoc with RESISTOR_Dup3 from MSM8916_DRAM_PMIC_REF_Library.SchLib
Replace Part R60 RESISTOR#1 in C:\Users\sbhnm\Documents\Tencent Files\948516010\FileRecv\MobileFile\MSM8916_DRAM_PMIC_REF\Imported MSM8916_DRAM_PMIC_REF.PrjPcb\19 SMB1358.SchDoc with RESISTOR#1 from MSM8916_DRAM_PMIC_REF_Library.SchLib
Replace Part R61 RESISTOR_Dup3 in C:\Users\sbhnm\Documents\Tencent Files\948516010\FileRecv\MobileFile\MSM8916_DRAM_PMIC_REF\Imported MSM8916_DRAM_PMIC_REF.PrjPcb\19 SMB1358.SchDoc with RESISTOR_Dup3 from MSM8916_DRAM_PMIC_REF_Library.SchLib
Replace Part R62 RESISTOR_Dup3 in C:\Users\sbhnm\Documents\Tencent Files\948516010\FileRecv\MobileFile\MSM8916_DRAM_PMIC_REF\Imported MSM8916_DRAM_PMIC_REF.PrjPcb\19 SMB1358.SchDoc with RESISTOR_Dup3 from MSM8916_DRAM_PMIC_REF_Library.SchLib
Replace Part R63 RESISTOR#1 in C:\Users\sbhnm\Documents\Tencent Files\948516010\FileRecv\MobileFile\MSM8916_DRAM_PMIC_REF\Imported MSM8916_DRAM_PMIC_REF.PrjPcb\19 SMB1358.SchDoc with RESISTOR#1 from MSM8916_DRAM_PMIC_REF_Library.SchLib
Replace Part R64 RESISTOR#1 in C:\Users\sbhnm\Documents\Tencent Files\948516010\FileRecv\MobileFile\MSM8916_DRAM_PMIC_REF\Imported MSM8916_DRAM_PMIC_REF.PrjPcb\19 SMB1358.SchDoc with RESISTOR#1 from MSM8916_DRAM_PMIC_REF_Library.SchLib
Replace Part R65 RESISTOR_Dup3 in C:\Users\sbhnm\Documents\Tencent Files\948516010\FileRecv\MobileFile\MSM8916_DRAM_PMIC_REF\Imported MSM8916_DRAM_PMIC_REF.PrjPcb\19 SMB1358.SchDoc with RESISTOR_Dup3 from MSM8916_DRAM_PMIC_REF_Library.SchLib
Replace Part R66 RESISTOR_Dup3 in C:\Users\sbhnm\Documents\Tencent Files\948516010\FileRecv\MobileFile\MSM8916_DRAM_PMIC_REF\Imported MSM8916_DRAM_PMIC_REF.PrjPcb\19 SMB1358.SchDoc with RESISTOR_Dup3 from MSM8916_DRAM_PMIC_REF_Library.SchLib
Replace Part R67 RESISTOR_Dup3 in C:\Users\sbhnm\Documents\Tencent Files\948516010\FileRecv\MobileFile\MSM8916_DRAM_PMIC_REF\Imported MSM8916_DRAM_PMIC_REF.PrjPcb\19 SMB1358.SchDoc with RESISTOR_Dup3 from MSM8916_DRAM_PMIC_REF_Library.SchLib
Replace Part R82 RESISTOR_Dup3 in C:\Users\sbhnm\Documents\Tencent Files\948516010\FileRecv\MobileFile\MSM8916_DRAM_PMIC_REF\Imported MSM8916_DRAM_PMIC_REF.PrjPcb\19 SMB1358.SchDoc with RESISTOR_Dup3 from MSM8916_DRAM_PMIC_REF_Library.SchLib
Replace Part U4 ASIC_SMB1358 in C:\Users\sbhnm\Documents\Tencent Files\948516010\FileRecv\MobileFile\MSM8916_DRAM_PMIC_REF\Imported MSM8916_DRAM_PMIC_REF.PrjPcb\19 SMB1358.SchDoc with ASIC_SMB1358 from MSM8916_DRAM_PMIC_REF_Library.SchLib
